<?xml version="1.0" encoding="UTF-8"?>
<testng-results ignored="0" total="1" passed="1" failed="0" skipped="0">
  <reporter-output>
  </reporter-output>
  <suite started-at="2024-11-22T15:42:36 IST" name="Default suite" finished-at="2024-11-22T15:42:40 IST" duration-ms="4687">
    <groups>
    </groups>
    <test started-at="2024-11-22T15:42:36 IST" name="Default test" finished-at="2024-11-22T15:42:40 IST" duration-ms="4687">
      <class name="Login_FB.FacebookLogin">
        <test-method signature="name()[pri:0, instance:Login_FB.FacebookLogin@10feca44]" started-at="2024-11-22T15:42:36 IST" name="name" finished-at="2024-11-22T15:42:40 IST" duration-ms="4645" status="PASS">
          <reporter-output>
          </reporter-output>
        </test-method> <!-- name -->
      </class> <!-- Login_FB.FacebookLogin -->
    </test> <!-- Default test -->
  </suite> <!-- Default suite -->
</testng-results>
